<?xml version="1.0" encoding="UTF-8"?>
<testsuite xmlns:xsi="http://www.w3.org/2001/XMLSchema-instance" xsi:noNamespaceSchemaLocation="https://maven.apache.org/surefire/maven-surefire-plugin/xsd/surefire-test-report-3.0.xsd" version="3.0" name="AccountTest" time="0.004" tests="1" errors="0" skipped="0" failures="0">
  <properties>
    <property name="java.specification.version" value="23"/>
    <property name="sun.jnu.encoding" value="UTF-8"/>
    <property name="java.class.path" value="/Users/armandoarteaga/Github Repos/Java/projectname/target/test-classes:/Users/armandoarteaga/Github Repos/Java/projectname/target/classes:/Users/armandoarteaga/.m2/repository/org/postgresql/postgresql/42.7.3/postgresql-42.7.3.jar:/Users/armandoarteaga/.m2/repository/org/checkerframework/checker-qual/3.42.0/checker-qual-3.42.0.jar:/Users/armandoarteaga/.m2/repository/com/zaxxer/HikariCP/5.0.1/HikariCP-5.0.1.jar:/Users/armandoarteaga/.m2/repository/org/junit/jupiter/junit-jupiter/5.9.2/junit-jupiter-5.9.2.jar:/Users/armandoarteaga/.m2/repository/org/junit/jupiter/junit-jupiter-api/5.9.2/junit-jupiter-api-5.9.2.jar:/Users/armandoarteaga/.m2/repository/org/opentest4j/opentest4j/1.2.0/opentest4j-1.2.0.jar:/Users/armandoarteaga/.m2/repository/org/junit/platform/junit-platform-commons/1.9.2/junit-platform-commons-1.9.2.jar:/Users/armandoarteaga/.m2/repository/org/apiguardian/apiguardian-api/1.1.2/apiguardian-api-1.1.2.jar:/Users/armandoarteaga/.m2/repository/org/junit/jupiter/junit-jupiter-params/5.9.2/junit-jupiter-params-5.9.2.jar:/Users/armandoarteaga/.m2/repository/org/junit/jupiter/junit-jupiter-engine/5.9.2/junit-jupiter-engine-5.9.2.jar:/Users/armandoarteaga/.m2/repository/org/junit/platform/junit-platform-engine/1.9.2/junit-platform-engine-1.9.2.jar:/Users/armandoarteaga/.m2/repository/io/javalin/javalin/6.3.0/javalin-6.3.0.jar:/Users/armandoarteaga/.m2/repository/org/eclipse/jetty/jetty-server/11.0.23/jetty-server-11.0.23.jar:/Users/armandoarteaga/.m2/repository/org/eclipse/jetty/jetty-http/11.0.23/jetty-http-11.0.23.jar:/Users/armandoarteaga/.m2/repository/org/eclipse/jetty/jetty-util/11.0.23/jetty-util-11.0.23.jar:/Users/armandoarteaga/.m2/repository/org/eclipse/jetty/jetty-io/11.0.23/jetty-io-11.0.23.jar:/Users/armandoarteaga/.m2/repository/org/eclipse/jetty/toolchain/jetty-jakarta-servlet-api/5.0.2/jetty-jakarta-servlet-api-5.0.2.jar:/Users/armandoarteaga/.m2/repository/org/eclipse/jetty/websocket/websocket-jetty-server/11.0.23/websocket-jetty-server-11.0.23.jar:/Users/armandoarteaga/.m2/repository/org/eclipse/jetty/jetty-servlet/11.0.23/jetty-servlet-11.0.23.jar:/Users/armandoarteaga/.m2/repository/org/eclipse/jetty/jetty-security/11.0.23/jetty-security-11.0.23.jar:/Users/armandoarteaga/.m2/repository/org/eclipse/jetty/jetty-webapp/11.0.23/jetty-webapp-11.0.23.jar:/Users/armandoarteaga/.m2/repository/org/eclipse/jetty/jetty-xml/11.0.23/jetty-xml-11.0.23.jar:/Users/armandoarteaga/.m2/repository/org/eclipse/jetty/websocket/websocket-jetty-api/11.0.23/websocket-jetty-api-11.0.23.jar:/Users/armandoarteaga/.m2/repository/org/eclipse/jetty/websocket/websocket-jetty-common/11.0.23/websocket-jetty-common-11.0.23.jar:/Users/armandoarteaga/.m2/repository/org/eclipse/jetty/websocket/websocket-core-common/11.0.23/websocket-core-common-11.0.23.jar:/Users/armandoarteaga/.m2/repository/org/eclipse/jetty/websocket/websocket-servlet/11.0.23/websocket-servlet-11.0.23.jar:/Users/armandoarteaga/.m2/repository/org/eclipse/jetty/websocket/websocket-core-server/11.0.23/websocket-core-server-11.0.23.jar:/Users/armandoarteaga/.m2/repository/org/jetbrains/kotlin/kotlin-stdlib-jdk8/1.9.25/kotlin-stdlib-jdk8-1.9.25.jar:/Users/armandoarteaga/.m2/repository/org/jetbrains/kotlin/kotlin-stdlib/1.9.25/kotlin-stdlib-1.9.25.jar:/Users/armandoarteaga/.m2/repository/org/jetbrains/annotations/13.0/annotations-13.0.jar:/Users/armandoarteaga/.m2/repository/org/jetbrains/kotlin/kotlin-stdlib-jdk7/1.9.25/kotlin-stdlib-jdk7-1.9.25.jar:/Users/armandoarteaga/.m2/repository/org/slf4j/slf4j-simple/2.0.9/slf4j-simple-2.0.9.jar:/Users/armandoarteaga/.m2/repository/org/slf4j/slf4j-api/2.0.9/slf4j-api-2.0.9.jar:/Users/armandoarteaga/.m2/repository/com/fasterxml/jackson/core/jackson-databind/2.15.2/jackson-databind-2.15.2.jar:/Users/armandoarteaga/.m2/repository/com/fasterxml/jackson/core/jackson-annotations/2.15.2/jackson-annotations-2.15.2.jar:/Users/armandoarteaga/.m2/repository/com/fasterxml/jackson/core/jackson-core/2.15.2/jackson-core-2.15.2.jar:"/>
    <property name="java.vm.vendor" value="Oracle Corporation"/>
    <property name="sun.arch.data.model" value="64"/>
    <property name="java.vendor.url" value="https://java.oracle.com/"/>
    <property name="os.name" value="Mac OS X"/>
    <property name="java.vm.specification.version" value="23"/>
    <property name="sun.java.launcher" value="SUN_STANDARD"/>
    <property name="user.country" value="US"/>
    <property name="sun.boot.library.path" value="/Library/Java/JavaVirtualMachines/jdk-23.0.1.jdk/Contents/Home/lib"/>
    <property name="sun.java.command" value="/Users/armandoarteaga/Github Repos/Java/projectname/target/surefire/surefirebooter-20241225220747152_3.jar /Users/armandoarteaga/Github Repos/Java/projectname/target/surefire 2024-12-25T22-07-47_100-jvmRun1 surefire-20241225220747152_1tmp surefire_0-20241225220747152_2tmp"/>
    <property name="http.nonProxyHosts" value="local|*.local|169.254/16|*.169.254/16"/>
    <property name="jdk.debug" value="release"/>
    <property name="surefire.test.class.path" value="/Users/armandoarteaga/Github Repos/Java/projectname/target/test-classes:/Users/armandoarteaga/Github Repos/Java/projectname/target/classes:/Users/armandoarteaga/.m2/repository/org/postgresql/postgresql/42.7.3/postgresql-42.7.3.jar:/Users/armandoarteaga/.m2/repository/org/checkerframework/checker-qual/3.42.0/checker-qual-3.42.0.jar:/Users/armandoarteaga/.m2/repository/com/zaxxer/HikariCP/5.0.1/HikariCP-5.0.1.jar:/Users/armandoarteaga/.m2/repository/org/junit/jupiter/junit-jupiter/5.9.2/junit-jupiter-5.9.2.jar:/Users/armandoarteaga/.m2/repository/org/junit/jupiter/junit-jupiter-api/5.9.2/junit-jupiter-api-5.9.2.jar:/Users/armandoarteaga/.m2/repository/org/opentest4j/opentest4j/1.2.0/opentest4j-1.2.0.jar:/Users/armandoarteaga/.m2/repository/org/junit/platform/junit-platform-commons/1.9.2/junit-platform-commons-1.9.2.jar:/Users/armandoarteaga/.m2/repository/org/apiguardian/apiguardian-api/1.1.2/apiguardian-api-1.1.2.jar:/Users/armandoarteaga/.m2/repository/org/junit/jupiter/junit-jupiter-params/5.9.2/junit-jupiter-params-5.9.2.jar:/Users/armandoarteaga/.m2/repository/org/junit/jupiter/junit-jupiter-engine/5.9.2/junit-jupiter-engine-5.9.2.jar:/Users/armandoarteaga/.m2/repository/org/junit/platform/junit-platform-engine/1.9.2/junit-platform-engine-1.9.2.jar:/Users/armandoarteaga/.m2/repository/io/javalin/javalin/6.3.0/javalin-6.3.0.jar:/Users/armandoarteaga/.m2/repository/org/eclipse/jetty/jetty-server/11.0.23/jetty-server-11.0.23.jar:/Users/armandoarteaga/.m2/repository/org/eclipse/jetty/jetty-http/11.0.23/jetty-http-11.0.23.jar:/Users/armandoarteaga/.m2/repository/org/eclipse/jetty/jetty-util/11.0.23/jetty-util-11.0.23.jar:/Users/armandoarteaga/.m2/repository/org/eclipse/jetty/jetty-io/11.0.23/jetty-io-11.0.23.jar:/Users/armandoarteaga/.m2/repository/org/eclipse/jetty/toolchain/jetty-jakarta-servlet-api/5.0.2/jetty-jakarta-servlet-api-5.0.2.jar:/Users/armandoarteaga/.m2/repository/org/eclipse/jetty/websocket/websocket-jetty-server/11.0.23/websocket-jetty-server-11.0.23.jar:/Users/armandoarteaga/.m2/repository/org/eclipse/jetty/jetty-servlet/11.0.23/jetty-servlet-11.0.23.jar:/Users/armandoarteaga/.m2/repository/org/eclipse/jetty/jetty-security/11.0.23/jetty-security-11.0.23.jar:/Users/armandoarteaga/.m2/repository/org/eclipse/jetty/jetty-webapp/11.0.23/jetty-webapp-11.0.23.jar:/Users/armandoarteaga/.m2/repository/org/eclipse/jetty/jetty-xml/11.0.23/jetty-xml-11.0.23.jar:/Users/armandoarteaga/.m2/repository/org/eclipse/jetty/websocket/websocket-jetty-api/11.0.23/websocket-jetty-api-11.0.23.jar:/Users/armandoarteaga/.m2/repository/org/eclipse/jetty/websocket/websocket-jetty-common/11.0.23/websocket-jetty-common-11.0.23.jar:/Users/armandoarteaga/.m2/repository/org/eclipse/jetty/websocket/websocket-core-common/11.0.23/websocket-core-common-11.0.23.jar:/Users/armandoarteaga/.m2/repository/org/eclipse/jetty/websocket/websocket-servlet/11.0.23/websocket-servlet-11.0.23.jar:/Users/armandoarteaga/.m2/repository/org/eclipse/jetty/websocket/websocket-core-server/11.0.23/websocket-core-server-11.0.23.jar:/Users/armandoarteaga/.m2/repository/org/jetbrains/kotlin/kotlin-stdlib-jdk8/1.9.25/kotlin-stdlib-jdk8-1.9.25.jar:/Users/armandoarteaga/.m2/repository/org/jetbrains/kotlin/kotlin-stdlib/1.9.25/kotlin-stdlib-1.9.25.jar:/Users/armandoarteaga/.m2/repository/org/jetbrains/annotations/13.0/annotations-13.0.jar:/Users/armandoarteaga/.m2/repository/org/jetbrains/kotlin/kotlin-stdlib-jdk7/1.9.25/kotlin-stdlib-jdk7-1.9.25.jar:/Users/armandoarteaga/.m2/repository/org/slf4j/slf4j-simple/2.0.9/slf4j-simple-2.0.9.jar:/Users/armandoarteaga/.m2/repository/org/slf4j/slf4j-api/2.0.9/slf4j-api-2.0.9.jar:/Users/armandoarteaga/.m2/repository/com/fasterxml/jackson/core/jackson-databind/2.15.2/jackson-databind-2.15.2.jar:/Users/armandoarteaga/.m2/repository/com/fasterxml/jackson/core/jackson-annotations/2.15.2/jackson-annotations-2.15.2.jar:/Users/armandoarteaga/.m2/repository/com/fasterxml/jackson/core/jackson-core/2.15.2/jackson-core-2.15.2.jar:"/>
    <property name="sun.cpu.endian" value="little"/>
    <property name="user.home" value="/Users/armandoarteaga"/>
    <property name="user.language" value="en"/>
    <property name="java.specification.vendor" value="Oracle Corporation"/>
    <property name="java.version.date" value="2024-10-15"/>
    <property name="java.home" value="/Library/Java/JavaVirtualMachines/jdk-23.0.1.jdk/Contents/Home"/>
    <property name="file.separator" value="/"/>
    <property name="basedir" value="/Users/armandoarteaga/Github Repos/Java/projectname"/>
    <property name="java.vm.compressedOopsMode" value="Zero based"/>
    <property name="line.separator" value="&#10;"/>
    <property name="java.vm.specification.vendor" value="Oracle Corporation"/>
    <property name="java.specification.name" value="Java Platform API Specification"/>
    <property name="apple.awt.application.name" value="ForkedBooter"/>
    <property name="surefire.real.class.path" value="/Users/armandoarteaga/Github Repos/Java/projectname/target/surefire/surefirebooter-20241225220747152_3.jar"/>
    <property name="sun.management.compiler" value="HotSpot 64-Bit Tiered Compilers"/>
    <property name="ftp.nonProxyHosts" value="local|*.local|169.254/16|*.169.254/16"/>
    <property name="java.runtime.version" value="23.0.1+11-39"/>
    <property name="user.name" value="armandoarteaga"/>
    <property name="stdout.encoding" value="UTF-8"/>
    <property name="path.separator" value=":"/>
    <property name="os.version" value="15.2"/>
    <property name="java.runtime.name" value="OpenJDK Runtime Environment"/>
    <property name="file.encoding" value="UTF-8"/>
    <property name="java.vm.name" value="OpenJDK 64-Bit Server VM"/>
    <property name="localRepository" value="/Users/armandoarteaga/.m2/repository"/>
    <property name="java.vendor.url.bug" value="https://bugreport.java.com/bugreport/"/>
    <property name="java.io.tmpdir" value="/var/folders/7g/v21wfygj3m11mbmtjswm10m80000gn/T/"/>
    <property name="java.version" value="23.0.1"/>
    <property name="user.dir" value="/Users/armandoarteaga/Github Repos/Java/projectname"/>
    <property name="os.arch" value="aarch64"/>
    <property name="java.vm.specification.name" value="Java Virtual Machine Specification"/>
    <property name="native.encoding" value="UTF-8"/>
    <property name="java.library.path" value="/Users/armandoarteaga/Library/Java/Extensions:/Library/Java/Extensions:/Network/Library/Java/Extensions:/System/Library/Java/Extensions:/usr/lib/java:."/>
    <property name="java.vm.info" value="mixed mode, sharing"/>
    <property name="stderr.encoding" value="UTF-8"/>
    <property name="java.vendor" value="Oracle Corporation"/>
    <property name="java.vm.version" value="23.0.1+11-39"/>
    <property name="sun.io.unicode.encoding" value="UnicodeBig"/>
    <property name="socksNonProxyHosts" value="local|*.local|169.254/16|*.169.254/16"/>
    <property name="java.class.version" value="67.0"/>
  </properties>
  <testcase name="newAccountHasZeroBalance" classname="AccountTest" time="0.003">
    <system-out><![CDATA[Your balance is: $0.0
]]></system-out>
  </testcase>
</testsuite>